2017-09-24 11:02:43,345 INFO  [Log] **************************************************************************************** 
2017-09-24 11:02:43,346 INFO  [Log] **************************************************************************************** 
2017-09-24 11:02:43,346 INFO  [Log] $$$$$$$$$$$$$$$$$$$$$                 Login_01       $$$$$$$$$$$$$$$$$$$$$$$$$ 
2017-09-24 11:02:43,346 INFO  [Log] **************************************************************************************** 
2017-09-24 11:02:43,346 INFO  [Log] **************************************************************************************** 
2017-09-24 11:02:43,348 INFO  [Log] Opening Browser 
2017-09-24 11:02:48,875 INFO  [Log] Chrome browser started 
2017-09-24 11:02:49,080 INFO  [Log] Navigating to URL 'http://automationpractice.com/index.php?controller=authentication&back=my-account' 
2017-09-24 11:02:53,170 INFO  [Log] Verifying the element 'txt_Username 
2017-09-24 11:02:54,160 INFO  [Log] Entering the text in txt_Username 
2017-09-24 11:02:54,438 INFO  [Log] Verifying the element 'txt_Password 
2017-09-24 11:02:55,199 INFO  [Log] Entering the text in txt_Password 
2017-09-24 11:02:55,400 INFO  [Log] Verifying the element 'btn_Login 
2017-09-24 11:02:56,234 INFO  [Log] Clicking on Webelement btn_Login 
2017-09-24 11:02:57,502 INFO  [Log] Wait for 5 seconds 
2017-09-24 11:02:58,977 INFO  [Log] XXXXXXXXXXXXXXXXXXXXXXX             -E---N---D-             XXXXXXXXXXXXXXXXXXXXXX 
2017-09-24 11:02:58,980 INFO  [Log] X 
2017-09-24 11:02:58,980 INFO  [Log] X 
2017-09-24 11:02:58,980 INFO  [Log] X 
2017-09-24 11:02:58,980 INFO  [Log] X 
2017-09-24 11:02:58,981 INFO  [Log] **************************************************************************************** 
2017-09-24 11:02:58,982 INFO  [Log] **************************************************************************************** 
2017-09-24 11:02:58,982 INFO  [Log] $$$$$$$$$$$$$$$$$$$$$                 Verify_Account       $$$$$$$$$$$$$$$$$$$$$$$$$ 
2017-09-24 11:02:58,982 INFO  [Log] **************************************************************************************** 
2017-09-24 11:02:58,982 INFO  [Log] **************************************************************************************** 
2017-09-24 11:02:58,982 INFO  [Log] Comparing link text 'lnk_custaccount 
2017-09-24 11:02:59,131 INFO  [Log] Wait for 5 seconds 
2017-09-24 11:03:00,279 INFO  [Log] XXXXXXXXXXXXXXXXXXXXXXX             -E---N---D-             XXXXXXXXXXXXXXXXXXXXXX 
2017-09-24 11:03:00,279 INFO  [Log] X 
2017-09-24 11:03:00,279 INFO  [Log] X 
2017-09-24 11:03:00,279 INFO  [Log] X 
2017-09-24 11:03:00,279 INFO  [Log] X 
2017-09-24 11:03:00,289 INFO  [Log] **************************************************************************************** 
2017-09-24 11:03:00,289 INFO  [Log] **************************************************************************************** 
2017-09-24 11:03:00,289 INFO  [Log] $$$$$$$$$$$$$$$$$$$$$                 Verify_MyAccount_Page       $$$$$$$$$$$$$$$$$$$$$$$$$ 
2017-09-24 11:03:00,289 INFO  [Log] **************************************************************************************** 
2017-09-24 11:03:00,289 INFO  [Log] **************************************************************************************** 
2017-09-24 11:03:00,289 INFO  [Log] Verifying the element 'btn_OrderHistory 
2017-09-24 11:03:01,058 INFO  [Log] Verifying the element 'btn_MycreditSlips 
2017-09-24 11:03:01,834 INFO  [Log] Verifying the element 'btn_Myaddress 
2017-09-24 11:03:02,635 INFO  [Log] Verifying the element 'btn_Mypersonalinfo 
2017-09-24 11:03:03,377 INFO  [Log] Verifying the element 'btn_Mywhishlist 
2017-09-24 11:03:04,206 INFO  [Log] XXXXXXXXXXXXXXXXXXXXXXX             -E---N---D-             XXXXXXXXXXXXXXXXXXXXXX 
2017-09-24 11:03:04,206 INFO  [Log] X 
2017-09-24 11:03:04,206 INFO  [Log] X 
2017-09-24 11:03:04,206 INFO  [Log] X 
2017-09-24 11:03:04,206 INFO  [Log] X 
2017-09-24 11:03:04,206 INFO  [Log] **************************************************************************************** 
2017-09-24 11:03:04,206 INFO  [Log] **************************************************************************************** 
2017-09-24 11:03:04,206 INFO  [Log] $$$$$$$$$$$$$$$$$$$$$                 Menu_Navigation       $$$$$$$$$$$$$$$$$$$$$$$$$ 
2017-09-24 11:03:04,206 INFO  [Log] **************************************************************************************** 
2017-09-24 11:03:04,206 INFO  [Log] **************************************************************************************** 
2017-09-24 11:03:04,206 INFO  [Log] Clicking on Webelement btn_Tshirts 
2017-09-24 11:03:06,067 INFO  [Log] Comparing the text 'T-shirts' with 'title_Tshirts' 
2017-09-24 11:03:16,092 ERROR [Log] Not able to compare the text --- no such element: Unable to locate element: {"method":"xpath","selector":"title_Tshirts"}
  (Session info: chrome=60.0.3112.113)
  (Driver info: chromedriver=2.31.488763 (092de99f48a300323ecf8c2a4e2e7cab51de5ba8),platform=Windows NT 10.0.15063 x86_64) (WARNING: The server did not provide any stacktrace information)
Command duration or timeout: 10.03 seconds
For documentation on this error, please visit: http://seleniumhq.org/exceptions/no_such_element.html
Build info: version: '2.53.0', revision: '35ae25b1534ae328c771e0856c93e187490ca824', time: '2016-03-15 10:43:46'
System info: host: 'LAPTOP-OUROT4H1', ip: '192.168.0.5', os.name: 'Windows 10', os.arch: 'amd64', os.version: '10.0', java.version: '1.8.0_144'
Driver info: org.openqa.selenium.chrome.ChromeDriver
Capabilities [{applicationCacheEnabled=false, rotatable=false, mobileEmulationEnabled=false, networkConnectionEnabled=false, chrome={chromedriverVersion=2.31.488763 (092de99f48a300323ecf8c2a4e2e7cab51de5ba8), userDataDir=C:\Users\ravik\AppData\Local\Temp\scoped_dir9796_10695}, takesHeapSnapshot=true, pageLoadStrategy=normal, databaseEnabled=false, handlesAlerts=true, hasTouchScreen=false, version=60.0.3112.113, platform=XP, browserConnectionEnabled=false, nativeEvents=true, acceptSslCerts=true, locationContextEnabled=true, webStorageEnabled=true, browserName=chrome, takesScreenshot=true, javascriptEnabled=true, cssSelectorsEnabled=true, setWindowRect=true, unexpectedAlertBehaviour=}]
Session ID: 0ee1a7bb4e06f336ffa4715f40e20ed3
*** Element info: {Using=xpath, value=title_Tshirts} 
2017-09-24 11:03:16,161 INFO  [Log] XXXXXXXXXXXXXXXXXXXXXXX             -E---N---D-             XXXXXXXXXXXXXXXXXXXXXX 
2017-09-24 11:03:16,161 INFO  [Log] X 
2017-09-24 11:03:16,161 INFO  [Log] X 
2017-09-24 11:03:16,161 INFO  [Log] X 
2017-09-24 11:03:16,161 INFO  [Log] X 
2017-09-24 11:03:16,190 ERROR [Log] Class Utils | Method getCellData | Exception desc : null 
2017-09-24 11:03:16,190 INFO  [Log] **************************************************************************************** 
2017-09-24 11:03:16,190 INFO  [Log] **************************************************************************************** 
2017-09-24 11:03:16,190 INFO  [Log] $$$$$$$$$$$$$$$$$$$$$                 Logout_01       $$$$$$$$$$$$$$$$$$$$$$$$$ 
2017-09-24 11:03:16,190 INFO  [Log] **************************************************************************************** 
2017-09-24 11:03:16,191 INFO  [Log] **************************************************************************************** 
2017-09-24 11:03:16,191 INFO  [Log] Clicking on Webelement btn_Logout 
2017-09-24 11:03:17,413 INFO  [Log] Closing the Browser 
2017-09-24 11:03:18,871 INFO  [Log] XXXXXXXXXXXXXXXXXXXXXXX             -E---N---D-             XXXXXXXXXXXXXXXXXXXXXX 
2017-09-24 11:03:18,871 INFO  [Log] X 
2017-09-24 11:03:18,871 INFO  [Log] X 
2017-09-24 11:03:18,871 INFO  [Log] X 
2017-09-24 11:03:18,871 INFO  [Log] X 
2017-09-24 11:03:18,877 INFO  [Log] Closing the Browser 
